Arguments: 
  /usr/local/Cellar/node/10.10.0/bin/node /usr/local/Cellar/yarn/1.9.4/libexec/bin/yarn.js add @babel/cli @babel/eslint --save

PATH: 
  /usr/local/sbin:/usr/local/bin:/usr/bin:/bin:/usr/sbin:/sbin:/usr/local/go/bin:/usr/local/sbin

Yarn version: 
  1.9.4

Node version: 
  10.10.0

Platform: 
  darwin x64

Trace: 
  Error: https://registry.yarnpkg.com/@babel%2feslint: Not found
      at Request.params.callback [as _callback] (/usr/local/Cellar/yarn/1.9.4/libexec/lib/cli.js:64202:18)
      at Request.self.callback (/usr/local/Cellar/yarn/1.9.4/libexec/lib/cli.js:137468:22)
      at Request.emit (events.js:182:13)
      at Request.<anonymous> (/usr/local/Cellar/yarn/1.9.4/libexec/lib/cli.js:138440:10)
      at Request.emit (events.js:182:13)
      at IncomingMessage.<anonymous> (/usr/local/Cellar/yarn/1.9.4/libexec/lib/cli.js:138362:12)
      at Object.onceWrapper (events.js:273:13)
      at IncomingMessage.emit (events.js:187:15)
      at endReadableNT (_stream_readable.js:1092:12)
      at process._tickCallback (internal/process/next_tick.js:63:19)

npm manifest: 
  {
    "name": "furora",
    "version": "0.0.1",
    "description": "portfolio site of furora media ltd",
    "main": "index.js",
    "scripts": {
      "build": "webpack --config webpack.config.prod.js -p",
      "dev": "babel-node server/devserver.js --presets env --inspect",
      "dev-final": "NODE_ENV=production PORT=8080 ENV=node babel-node server/server.js --presets env",
      "start": "babel-node server/server.js --presets env",
      "test": "NODE_ENV=test jest",
      "coverage": "istanbul cover mocha index",
      "lint": "eslint client/src/**.js server/**/**.js"
    },
    "repository": {
      "type": "git",
      "url": "https://github.com/FuroraMedia/furora-main.git"
    },
    "author": "Graeme Chidgey",
    "license": "ISC",
    "bugs": {
      "url": "https://github.com/FuroraMedia/furora-main/issues"
    },
    "homepage": "https://github.com/FuroraMedia/furora-main#readme",
    "devDependencies": {
      "css-loader": "^1.0.0",
      "dotenv": "^6.1.0",
      "eslint": "^5.7.0",
      "eslint-config-airbnb": "^17.1.0",
      "eslint-config-prettier": "^3.1.0",
      "eslint-config-react": "^1.1.7",
      "eslint-loader": "^2.1.1",
      "eslint-plugin-babel": "^5.2.1",
      "eslint-plugin-flowtype": "^3.0.0",
      "eslint-plugin-import": "^2.14.0",
      "eslint-plugin-jsx-a11y": "^6.1.2",
      "eslint-plugin-prettier": "^3.0.0",
      "eslint-plugin-react": "^7.11.1",
      "extract-text-webpack-plugin": "^3.0.2",
      "file-loader": "^2.0.0",
      "flow-bin": "^0.83.0",
      "flow-typed": "^2.5.1",
      "glob": "^7.1.3",
      "husky": "^1.1.2",
      "istanbul": "^0.4.5",
      "jest": "^23.6.0",
      "jest-cli": "^23.6.0",
      "morgan": "^1.9.1",
      "node-sass": "^4.9.3",
      "npm-run-all": "^4.1.3",
      "purifycss-webpack": "^0.7.0",
      "redux-immutable-state-invariant": "^2.1.0",
      "sass-loader": "^7.1.0",
      "style-loader": "^0.23.1",
      "sw-precache-webpack-plugin": "^0.11.5",
      "url-loader": "^1.1.2",
      "vhost": "^3.0.2",
      "webpack": "^4.20.2",
      "webpack-dev-middleware": "^3.4.0",
      "webpack-hot-middleware": "^2.24.3"
    },
    "dependencies": {
      "@babel/core": "^7.1.2",
      "@babel/preset-env": "^7.1.0",
      "@types/react-dom": "^16.0.9",
      "babel-cli": "^6.26.0",
      "babel-eslint": "^10.0.1",
      "babel-loader": "^8.0.4",
      "babel-plugin-transform-object-assign": "^6.22.0",
      "babel-plugin-transform-object-rest-spread": "^6.26.0",
      "babel-polyfill": "^6.26.0",
      "babel-preset-env": "^1.7.0",
      "babel-preset-react": "^6.24.1",
      "babel-register": "^6.26.0",
      "body-parser": "^1.18.3",
      "compression": "^1.7.3",
      "cookie-parser": "^1.4.3",
      "ejs": "^2.6.1",
      "express": "^4.16.4",
      "inuitcss": "^6.0.0",
      "isomorphic-fetch": "^2.2.1",
      "nodemailer": "^4.6.8",
      "nodemailer-mailgun-transport": "^1.4.0",
      "nodemailer-smtp-transport": "^2.7.4",
      "normalize.scss": "^0.1.0",
      "passport": "^0.4.0",
      "prop-types": "^15.6.2",
      "purify-css": "^1.2.5",
      "react": "^16.5.2",
      "react-dom": "^16.5.2",
      "react-gcaptcha": "^4.2.3",
      "react-redux": "^5.0.7",
      "react-router": "^4.3.1",
      "react-router-dom": "^4.3.1",
      "redux": "^4.0.1",
      "redux-devtools-extension": "^2.13.5",
      "redux-logger": "^3.0.6",
      "redux-thunk": "^2.3.0",
      "sass-mq": "^5.0.0",
      "serve-favicon": "^2.5.0",
      "validator": "^10.8.0",
      "xoauth2": "^1.2.0"
    }
  }

yarn manifest: 
  No manifest

Lockfile: 
  No lockfile
